2020.12.16 10:58:40 INFO  Started: Metals version 0.9.7 in workspace 'C:\Users\Andreas\Documents\Dev\Rust\aoc2020' for client vscode.
2020.12.16 10:58:42 INFO  time: initialize in 1.43s
2020.12.16 10:58:47 WARN  Build server is not auto-connectable.
2020.12.16 10:58:47 WARN  no build tool detected in workspace 'C:\Users\Andreas\Documents\Dev\Rust\aoc2020'. The most common cause for this problem is that the editor was opened in the wrong working directory, for example if you use sbt then the workspace directory should contain build.sbt. 
des 16, 2020 10:58:49 AM org.eclipse.lsp4j.jsonrpc.services.GenericEndpoint notify
INFO: Unsupported notification method: $/setTraceNotification
2020.12.16 14:30:19 INFO  Started: Metals version 0.9.7 in workspace 'C:\Users\Andreas\Documents\Dev\Rust\aoc2020' for client vscode.
2020.12.16 14:30:20 INFO  time: initialize in 1.21s
2020.12.16 14:30:26 WARN  Build server is not auto-connectable.
2020.12.16 14:30:26 WARN  no build tool detected in workspace 'C:\Users\Andreas\Documents\Dev\Rust\aoc2020'. The most common cause for this problem is that the editor was opened in the wrong working directory, for example if you use sbt then the workspace directory should contain build.sbt. 
2020.12.16 14:38:07 INFO  Started: Metals version 0.9.7 in workspace 'C:\Users\Andreas\Documents\Dev\Rust\aoc2020' for client vscode.
2020.12.16 14:38:09 INFO  time: initialize in 1.73s
2020.12.16 14:38:15 WARN  Build server is not auto-connectable.
2020.12.16 14:38:15 WARN  no build tool detected in workspace 'C:\Users\Andreas\Documents\Dev\Rust\aoc2020'. The most common cause for this problem is that the editor was opened in the wrong working directory, for example if you use sbt then the workspace directory should contain build.sbt. 
2020.12.17 13:20:01 INFO  Started: Metals version 0.9.7 in workspace 'C:\Users\Andreas\Documents\Dev\Rust\aoc2020' for client vscode.
2020.12.17 13:20:02 INFO  time: initialize in 0.87s
2020.12.17 13:20:07 WARN  Build server is not auto-connectable.
2020.12.17 13:20:07 WARN  no build tool detected in workspace 'C:\Users\Andreas\Documents\Dev\Rust\aoc2020'. The most common cause for this problem is that the editor was opened in the wrong working directory, for example if you use sbt then the workspace directory should contain build.sbt. 
2020.12.18 18:19:46 INFO  shutting down Metals
2020.12.19 19:14:54 INFO  Started: Metals version 0.9.7 in workspace 'C:\Users\Andreas\Documents\Dev\Rust\aoc2020' for client vscode.
2020.12.19 19:14:56 INFO  time: initialize in 1.31s
2020.12.19 19:14:57 WARN  Build server is not auto-connectable.
2020.12.19 19:14:57 WARN  no build tool detected in workspace 'C:\Users\Andreas\Documents\Dev\Rust\aoc2020'. The most common cause for this problem is that the editor was opened in the wrong working directory, for example if you use sbt then the workspace directory should contain build.sbt. 
2020.12.22 11:19:04 INFO  Started: Metals version 0.9.8 in workspace 'C:\Users\Andreas\Documents\Dev\Rust\aoc2020' for client vscode.
2020.12.22 11:19:05 INFO  time: initialize in 1.12s
2020.12.22 11:19:10 WARN  Build server is not auto-connectable.
2020.12.22 11:19:10 WARN  no build tool detected in workspace 'C:\Users\Andreas\Documents\Dev\Rust\aoc2020'. The most common cause for this problem is that the editor was opened in the wrong working directory, for example if you use sbt then the workspace directory should contain build.sbt. 
2020.12.23 22:48:53 INFO  Started: Metals version 0.9.8 in workspace 'C:\Users\Andreas\Documents\Dev\Rust\aoc2020' for client vscode.
2020.12.23 22:48:55 INFO  time: initialize in 1.52s
2020.12.23 22:49:01 WARN  Build server is not auto-connectable.
2020.12.23 22:49:01 WARN  no build tool detected in workspace 'C:\Users\Andreas\Documents\Dev\Rust\aoc2020'. The most common cause for this problem is that the editor was opened in the wrong working directory, for example if you use sbt then the workspace directory should contain build.sbt. 
2020.12.23 23:00:36 INFO  Started: Metals version 0.9.8 in workspace 'C:\Users\Andreas\Documents\Dev\Rust\aoc2020' for client vscode.
2020.12.23 23:00:37 INFO  time: initialize in 1.3s
2020.12.23 23:00:43 WARN  Build server is not auto-connectable.
2020.12.23 23:00:43 WARN  no build tool detected in workspace 'C:\Users\Andreas\Documents\Dev\Rust\aoc2020'. The most common cause for this problem is that the editor was opened in the wrong working directory, for example if you use sbt then the workspace directory should contain build.sbt. 
2020.12.25 09:35:42 INFO  shutting down Metals
2020.12.27 21:23:38 INFO  Started: Metals version 0.9.8 in workspace 'C:\Users\Andreas\Documents\Dev\Rust\aoc2020' for client vscode.
2020.12.27 21:23:38 INFO  time: initialize in 0.81s
2020.12.27 21:23:39 WARN  Build server is not auto-connectable.
2020.12.27 21:23:39 WARN  no build tool detected in workspace 'C:\Users\Andreas\Documents\Dev\Rust\aoc2020'. The most common cause for this problem is that the editor was opened in the wrong working directory, for example if you use sbt then the workspace directory should contain build.sbt. 
